<?xml version="1.0" encoding="UTF-8"?>
<!-- Generated by org.testng.reporters.JUnitReportReporter -->
<testsuite skipped="5" hostname="DESKTOP-EJCADE2" name="testRunner.TestRunner" tests="5" failures="0" timestamp="15 Nov 2019 18:29:08 GMT" time="0.769" errors="0">
  <testcase name="runScenario" time="0.706" classname="testRunner.TestRunner">
    <skipped/>
  </testcase> <!-- runScenario -->
  <testcase name="runScenario" time="0.013" classname="testRunner.TestRunner">
    <skipped/>
  </testcase> <!-- runScenario -->
  <testcase name="runScenario" time="0.018" classname="testRunner.TestRunner">
    <skipped/>
  </testcase> <!-- runScenario -->
  <testcase name="runScenario" time="0.007" classname="testRunner.TestRunner">
    <skipped/>
  </testcase> <!-- runScenario -->
  <testcase name="runScenario" time="0.025" classname="testRunner.TestRunner">
    <skipped/>
  </testcase> <!-- runScenario -->
</testsuite> <!-- testRunner.TestRunner -->
