<?xml version="1.0" encoding="UTF-8"?>
<!-- Generated by org.testng.reporters.JUnitReportReporter -->
<testsuite skipped="5" hostname="DESKTOP-EJCADE2" name="testRunner.TestRunner" tests="5" failures="0" timestamp="05 Nov 2019 16:38:56 GMT" time="0.574" errors="0">
  <testcase name="runScenario" time="0.526" classname="testRunner.TestRunner">
    <skipped/>
  </testcase> <!-- runScenario -->
  <testcase name="runScenario" time="0.010" classname="testRunner.TestRunner">
    <skipped/>
  </testcase> <!-- runScenario -->
  <testcase name="runScenario" time="0.016" classname="testRunner.TestRunner">
    <skipped/>
  </testcase> <!-- runScenario -->
  <testcase name="runScenario" time="0.009" classname="testRunner.TestRunner">
    <skipped/>
  </testcase> <!-- runScenario -->
  <testcase name="runScenario" time="0.013" classname="testRunner.TestRunner">
    <skipped/>
  </testcase> <!-- runScenario -->
</testsuite> <!-- testRunner.TestRunner -->
